<?xml version="1.0" encoding="UTF-8"?>
<!-- Generated by org.testng.reporters.JUnitReportReporter -->
<testsuite hostname="DESKTOP-NNARKCF" failures="0" tests="1" name="buggyCarLogin.LoginScreen" time="6.084" errors="0" timestamp="2023-03-29T18:23:08 NZDT" skipped="0">
  <testcase classname="buggyCarLogin.LoginScreen" name="loginTest" time="6.084"/>
  <system-out/>
</testsuite> <!-- buggyCarLogin.LoginScreen -->
