<?xml version="1.0" encoding="UTF-8"?>
<!-- Generated by org.testng.reporters.JUnitReportReporter -->
<testsuite hostname="DESKTOP-NNARKCF" failures="0" tests="6" name="buggyCarAutomation.StepDefinitions" time="40.669" errors="0" timestamp="2023-03-30T21:10:35 NZDT" skipped="0">
  <testcase classname="buggyCarAutomation.StepDefinitions" name="logFile" time="0.006"/>
  <system-out/>
  <testcase classname="buggyCarAutomation.StepDefinitions" name="ProfileCase" time="6.998"/>
  <system-out/>
  <testcase classname="buggyCarAutomation.StepDefinitions" name="NavigateCase" time="15.284"/>
  <system-out/>
  <testcase classname="buggyCarAutomation.StepDefinitions" name="LoginCase" time="4.850"/>
  <system-out/>
  <testcase classname="buggyCarAutomation.StepDefinitions" name="VotingCase" time="9.106"/>
  <system-out/>
  <testcase classname="buggyCarAutomation.StepDefinitions" name="RegisterCase" time="4.425"/>
  <system-out/>
</testsuite> <!-- buggyCarAutomation.StepDefinitions -->
